Matrix size;Block size;Phase;Algorithm;Time(s)
2;-;2;row;0.000108
2;-;2;col;0.000080
2;1;2;zor;0.000081
2;2;2;zor;0.000080
4;-;2;row;0.000164
4;-;2;col;0.000136
4;1;2;zor;0.000127
4;2;2;zor;0.000124
4;4;2;zor;0.000123
8;-;2;row;0.000247
8;-;2;col;0.000250
8;1;2;zor;0.000240
8;2;2;zor;0.000240
8;4;2;zor;0.000222
8;8;2;zor;0.000221
16;-;2;row;0.000574
16;-;2;col;0.000584
16;1;2;zor;0.000638
16;2;2;zor;0.000606
16;4;2;zor;0.000597
16;8;2;zor;0.000563
16;16;2;zor;0.000560
32;-;2;row;0.002297
32;-;2;col;0.002247
32;1;2;zor;0.002483
32;2;2;zor;0.002295
32;4;2;zor;0.002328
32;8;2;zor;0.002327
32;16;2;zor;0.002373
32;32;2;zor;0.002388
64;-;2;row;0.010069
64;-;2;col;0.010568
64;1;2;zor;0.011699
64;2;2;zor;0.010714
64;4;2;zor;0.010487
64;8;2;zor;0.010525
64;16;2;zor;0.010230
64;32;2;zor;0.010279
64;64;2;zor;0.010094
128;-;2;row;0.044286
128;-;2;col;0.044239
128;1;2;zor;0.055903
128;2;2;zor;0.048384
128;4;2;zor;0.045235
128;8;2;zor;0.045028
128;16;2;zor;0.044501
128;32;2;zor;0.045132
128;64;2;zor;0.045452
128;128;2;zor;0.045152
256;-;2;row;0.220849
256;-;2;col;0.218400
256;1;2;zor;0.319815
256;2;2;zor;0.242994
256;4;2;zor;0.228432
256;8;2;zor;0.225731
256;16;2;zor;0.232768
256;32;2;zor;0.231111
256;64;2;zor;0.224189
256;128;2;zor;0.218490
256;256;2;zor;0.222134
398;-;2;row;0.703530
398;-;2;col;0.708568
398;1;2;zor;1.094462
398;2;2;zor;0.770719
398;199;2;zor;0.686298
398;398;2;zor;0.725449
512;-;2;row;1.432254
512;-;2;col;1.400116
512;1;2;zor;2.271873
512;2;2;zor;1.605558
512;4;2;zor;1.423109
512;8;2;zor;1.348455
512;16;2;zor;1.319832
512;32;2;zor;1.318700
512;64;2;zor;1.269783
512;128;2;zor;1.326370
512;256;2;zor;1.384777
512;512;2;zor;1.492563
636;-;2;row;2.671794
636;-;2;col;2.609882
636;1;2;zor;4.315436
636;2;2;zor;2.915127
636;3;2;zor;2.582892
636;4;2;zor;2.549020
636;6;2;zor;2.396210
636;12;2;zor;2.313709
636;53;2;zor;2.434112
636;106;2;zor;2.593690
636;159;2;zor;2.691054
636;212;2;zor;2.683866
636;318;2;zor;2.698749
636;636;2;zor;2.784819
774;-;2;row;4.620579
774;-;2;col;4.460339
774;1;2;zor;7.753326
774;2;2;zor;5.112379
774;3;2;zor;4.384717
774;6;2;zor;4.058253
774;9;2;zor;4.008101
774;18;2;zor;4.135783
774;43;2;zor;3.800967
774;86;2;zor;4.024360
774;129;2;zor;4.177881
774;258;2;zor;4.191382
774;387;2;zor;4.349541
774;774;2;zor;4.748439
892;-;2;row;6.753538
892;-;2;col;6.553215
892;1;2;zor;11.438567
892;2;2;zor;7.544525
892;4;2;zor;6.482670
892;223;2;zor;6.748241
892;446;2;zor;6.867570
892;892;2;zor;7.097735
1024;-;2;row;10.842022
1024;-;2;col;9.681300
1024;1;2;zor;17.682510
1024;2;2;zor;10.706963
1024;4;2;zor;9.382289
1024;8;2;zor;8.763084
1024;16;2;zor;8.345953
1024;32;2;zor;8.733244
1024;64;2;zor;8.705551
1024;128;2;zor;9.164935
1024;256;2;zor;9.350431
1024;512;2;zor;10.587930
1024;1024;2;zor;11.234047
1152;-;2;row;15.540913
1152;-;2;col;13.395969
1152;1;2;zor;25.663631
1152;2;2;zor;15.876120
1152;3;2;zor;13.758796
1152;4;2;zor;13.412966
1152;6;2;zor;12.330340
1152;8;2;zor;12.224452
1152;9;2;zor;12.131960
1152;12;2;zor;11.775473
1152;16;2;zor;11.569305
1152;18;2;zor;12.527427
1152;24;2;zor;11.470217
1152;32;2;zor;11.991067
1152;36;2;zor;11.357907
1152;48;2;zor;11.375437
1152;64;2;zor;11.918550
1152;72;2;zor;12.220920
1152;96;2;zor;12.810065
1152;128;2;zor;12.810919
1152;144;2;zor;12.761777
1152;192;2;zor;12.803441
1152;288;2;zor;12.856373
1152;384;2;zor;13.383949
1152;576;2;zor;15.242541
1152;1152;2;zor;15.746463
1280;-;2;row;20.950864
1280;-;2;col;18.301773
1280;1;2;zor;36.023284
1280;2;2;zor;21.397364
1280;4;2;zor;18.138330
1280;5;2;zor;17.347938
1280;8;2;zor;16.796296
1280;10;2;zor;16.586732
1280;16;2;zor;15.996549
1280;20;2;zor;15.719710
1280;32;2;zor;16.283560
1280;40;2;zor;15.446361
1280;64;2;zor;16.171462
1280;80;2;zor;17.066529
1280;128;2;zor;17.195356
1280;160;2;zor;17.160196
1280;256;2;zor;17.001052
1280;320;2;zor;17.051180
1280;640;2;zor;20.504855
1280;1280;2;zor;21.460009
1408;-;2;row;32.527939
1408;-;2;col;27.930434
1408;1;2;zor;53.427709
1408;2;2;zor;31.027096
1408;4;2;zor;24.846932
1408;8;2;zor;21.992759
1408;11;2;zor;21.176455
1408;16;2;zor;20.601765
1408;22;2;zor;20.310550
1408;32;2;zor;21.492768
1408;44;2;zor;20.387272
1408;64;2;zor;21.090803
1408;88;2;zor;22.034875
1408;128;2;zor;22.063970
1408;176;2;zor;22.107722
1408;352;2;zor;22.361284
1408;704;2;zor;26.925151
1408;1408;2;zor;33.933013
1536;-;2;row;45.130261
1536;-;2;col;37.390848
1536;1;2;zor;71.706523
1536;2;2;zor;42.265933
1536;3;2;zor;34.915670
1536;4;2;zor;32.803226
1536;6;2;zor;29.070621
1536;8;2;zor;28.644894
1536;12;2;zor;27.239924
1536;16;2;zor;26.550351
1536;24;2;zor;26.090734
1536;32;2;zor;27.111820
1536;48;2;zor;25.891885
1536;64;2;zor;26.886478
1536;96;2;zor;28.361970
1536;128;2;zor;28.159805
1536;192;2;zor;28.109158
1536;256;2;zor;28.115341
1536;384;2;zor;28.590297
1536;512;2;zor;32.464545
1536;768;2;zor;34.305187
1536;1536;2;zor;47.905871
2;-;3;row;0.000020
2;-;3;col;0.000016
2;1;3;zor;0.000016
2;2;3;zor;0.000015
4;-;3;row;0.000019
4;-;3;col;0.000020
4;1;3;zor;0.000019
4;2;3;zor;0.000021
4;4;3;zor;0.000017
8;-;3;row;0.000023
8;-;3;col;0.000022
8;1;3;zor;0.000035
8;2;3;zor;0.000027
8;4;3;zor;0.000029
8;8;3;zor;0.000023
16;-;3;row;0.000054
16;-;3;col;0.000054
16;1;3;zor;0.000085
16;2;3;zor;0.000066
16;4;3;zor;0.000058
16;8;3;zor;0.000055
16;16;3;zor;0.000054
32;-;3;row;0.000260
32;-;3;col;0.000260
32;1;3;zor;0.000506
32;2;3;zor;0.000339
32;4;3;zor;0.000306
32;8;3;zor;0.000285
32;16;3;zor;0.000279
32;32;3;zor;0.000292
64;-;3;row;0.001757
64;-;3;col;0.001791
64;1;3;zor;0.003653
64;2;3;zor;0.002407
64;4;3;zor;0.002182
64;8;3;zor;0.002022
64;16;3;zor;0.001924
64;32;3;zor;0.002010
64;64;3;zor;0.001872
128;-;3;row;0.013322
128;-;3;col;0.012437
128;1;3;zor;0.025433
128;2;3;zor;0.017662
128;4;3;zor;0.014264
128;8;3;zor;0.012881
128;16;3;zor;0.012768
128;32;3;zor;0.013401
128;64;3;zor;0.012547
128;128;3;zor;0.013096
256;-;3;row;0.092859
256;-;3;col;0.093168
256;1;3;zor;0.199957
256;2;3;zor;0.129188
256;4;3;zor;0.109019
256;8;3;zor;0.101050
256;16;3;zor;0.095983
256;32;3;zor;0.100365
256;64;3;zor;0.095149
256;128;3;zor;0.096047
256;256;3;zor;0.099057
398;-;3;row;0.393957
398;-;3;col;0.393225
398;1;3;zor;0.785870
398;2;3;zor;0.466301
398;199;3;zor;0.381312
398;398;3;zor;0.428297
512;-;3;row;0.922941
512;-;3;col;0.890616
512;1;3;zor;1.739128
512;2;3;zor;1.088492
512;4;3;zor;0.897448
512;8;3;zor;0.803363
512;16;3;zor;0.765577
512;32;3;zor;0.794658
512;64;3;zor;0.739037
512;128;3;zor;0.816242
512;256;3;zor;0.848119
512;512;3;zor;0.946162
636;-;3;row;1.796571
636;-;3;col;1.721229
636;1;3;zor;3.411054
636;2;3;zor;2.047692
636;3;3;zor;1.726751
636;4;3;zor;1.706589
636;6;3;zor;1.552673
636;12;3;zor;1.470039
636;53;3;zor;1.591324
636;106;3;zor;1.722747
636;159;3;zor;1.831343
636;212;3;zor;1.842684
636;318;3;zor;1.819240
636;636;3;zor;1.904103
774;-;3;row;3.318547
774;-;3;col;3.097386
774;1;3;zor;6.391794
774;2;3;zor;3.789693
774;3;3;zor;3.138004
774;6;3;zor;2.774286
774;9;3;zor;2.716715
774;18;3;zor;2.838026
774;43;3;zor;2.500042
774;86;3;zor;2.730783
774;129;3;zor;2.901430
774;258;3;zor;2.886327
774;387;3;zor;2.947561
774;774;3;zor;3.477590
892;-;3;row;4.989206
892;-;3;col;4.763061
892;1;3;zor;9.406909
892;2;3;zor;5.715201
892;4;3;zor;4.662230
892;223;3;zor;4.979634
892;446;3;zor;5.078377
892;892;3;zor;5.265879
1024;-;3;row;8.309243
1024;-;3;col;7.257873
1024;1;3;zor;14.917007
1024;2;3;zor;8.402720
1024;4;3;zor;6.937371
1024;8;3;zor;6.401457
1024;16;3;zor;6.073250
1024;32;3;zor;6.442927
1024;64;3;zor;6.353416
1024;128;3;zor;6.950548
1024;256;3;zor;6.799866
1024;512;3;zor;8.226749
1024;1024;3;zor;8.760761
1152;-;3;row;12.036074
1152;-;3;col;10.432637
1152;1;3;zor;21.562780
1152;2;3;zor;12.634832
1152;3;3;zor;10.538298
1152;4;3;zor;10.233593
1152;6;3;zor;9.270294
1152;8;3;zor;9.168260
1152;9;3;zor;9.084746
1152;12;3;zor;8.845926
1152;16;3;zor;8.622356
1152;18;3;zor;9.447649
1152;24;3;zor;8.571566
1152;32;3;zor;9.041881
1152;36;3;zor;8.441953
1152;48;3;zor;8.661723
1152;64;3;zor;9.193332
1152;72;3;zor;9.340192
1152;96;3;zor;9.851145
1152;128;3;zor;9.869170
1152;144;3;zor;9.843019
1152;192;3;zor;9.793545
1152;288;3;zor;9.847657
1152;384;3;zor;10.289237
1152;576;3;zor;12.254605
1152;1152;3;zor;12.591440
1280;-;3;row;17.144700
1280;-;3;col;14.620171
1280;1;3;zor;30.265716
1280;2;3;zor;17.793195
1280;4;3;zor;14.345632
1280;5;3;zor;13.366586
1280;8;3;zor;12.808254
1280;10;3;zor;12.469958
1280;16;3;zor;11.899183
1280;20;3;zor;11.794156
1280;32;3;zor;12.500179
1280;40;3;zor;11.760022
1280;64;3;zor;12.509401
1280;80;3;zor;13.303199
1280;128;3;zor;13.364846
1280;160;3;zor;13.411694
1280;256;3;zor;13.428233
1280;320;3;zor;13.510338
1280;640;3;zor;17.013732
1280;1280;3;zor;18.661493
1408;-;3;row;27.323560
1408;-;3;col;23.420535
1408;1;3;zor;46.145672
1408;2;3;zor;25.629778
1408;4;3;zor;19.892506
1408;8;3;zor;17.626569
1408;11;3;zor;16.885778
1408;16;3;zor;16.270334
1408;22;3;zor;15.914695
1408;32;3;zor;16.834451
1408;44;3;zor;15.773536
1408;64;3;zor;16.671206
1408;88;3;zor;17.871577
1408;128;3;zor;17.811919
1408;176;3;zor;17.782815
1408;352;3;zor;17.979534
1408;704;3;zor;22.606770
1408;1408;3;zor;28.372007
1536;-;3;row;40.288530
1536;-;3;col;32.658900
1536;1;3;zor;67.234799
1536;2;3;zor;36.096498
1536;3;3;zor;28.379722
1536;4;3;zor;26.773578
1536;6;3;zor;23.693852
1536;8;3;zor;23.426822
1536;12;3;zor;21.995687
1536;16;3;zor;21.455590
1536;24;3;zor;20.994671
1536;32;3;zor;22.331517
1536;48;3;zor;20.960700
1536;64;3;zor;22.079750
1536;96;3;zor;23.750220
1536;128;3;zor;23.630556
1536;192;3;zor;23.348881
1536;256;3;zor;23.194880
1536;384;3;zor;23.803607
1536;512;3;zor;27.828692
1536;768;3;zor;29.594908
1536;1536;3;zor;43.273744

Total execution time: 32430.652818 seconds

Iterations: 8
Benchmark completed.
